+ TRASH=trash
+ command -v trash
+ TRASH='rm -rf'
+ rm -rf pkg cmd staging vendor go.mod go.sum go.work go.work.sum tmp bin
[root@iZrj96h7iywwlhiwr92j72Z csi-sidecars-aio-poc]# ./hack/do_sync.sh.sh > do_sync.log
-bash: ./hack/do_sync.sh.sh: No such file or directory
[root@iZrj96h7iywwlhiwr92j72Z csi-sidecars-aio-poc]# ^C
[root@iZrj96h7iywwlhiwr92j72Z csi-sidecars-aio-poc]# ./hack/do_sync.sh > do_sync.log
++ uname
+ [[ Linux != \L\i\n\u\x ]]
+ SKIP_SANITY_CHECK=
+ DRY_RUN=false
++ go version
+ [[ ! go version go1.25.7 (Red Hat 1.25.7-1.0.1.al8) linux/amd64 =~ go1.25 ]]
+ TRASH=trash
+ command -v trash
+ TRASH='rm -rf'
+ mkdir -p tmp pkg cmd/csi-sidecars/ staging/src/github.com/kubernetes-csi/
+ for i in attacher,master provisioner,master resizer,master
+ IFS=,
+ read SIDECAR SIDECAR_HASH
+ [[ ! -d pkg/attacher ]]
+ git clone --depth 1 https://github.com/kubernetes-csi/external-attacher pkg/attacher
Cloning into 'pkg/attacher'...
remote: Enumerating objects: 7703, done.
remote: Counting objects: 100% (7703/7703), done.
remote: Compressing objects: 100% (5139/5139), done.
remote: Total 7703 (delta 2983), reused 5045 (delta 2165), pack-reused 0 (from 0)
Receiving objects: 100% (7703/7703), 9.80 MiB | 20.56 MiB/s, done.
Resolving deltas: 100% (2983/2983), done.
+ cd pkg/attacher
+ git checkout master
Already on 'master'
+ git rev-parse --short HEAD
+ cat pkg/attacher/go.mod
+ grep '        '
+ grep -v indirect
+ cat pkg/attacher/go.mod
+ grep 'replace '
+ sed s/v0.35.0/v0.35.2/g
+ cat pkg/attacher/go.mod
+ grep 'replace k8s.io/api =>'
+ rm -rf pkg/attacher/.git
+ rm -rf pkg/attacher/.github
+ rm -rf pkg/attacher/vendor
+ rm -rf pkg/attacher/release-tools
+ rm -rf pkg/attacher/go.mod
+ rm -rf pkg/attacher/go.sum
+ rm -rf pkg/attacher/Dockerfile
+ rm -rf pkg/attacher/.cloudbuild.sh
+ rm -rf pkg/attacher/cloudbuild.yaml
+ rm -rf pkg/attacher/.prow.sh
+ rm -rf pkg/attacher/OWNER_ALIASES
+ rm -rf pkg/attacher/Makefile
+ cd pkg/attacher
+ find . -type f -exec grep -q github.com/kubernetes-csi/external-attacher/ --files-with-matches '{}' ';' -print
+ cd pkg/attacher
+ find . -type f -exec grep -q github.com/kubernetes-csi/external-attacher/ --files-with-matches '{}' ';' -print
+ xargs sed -E -i.bak 's%github.com/kubernetes-csi/external-attacher/(v[0-9]+/)?%github.com/kubernetes-csi/csi-sidecars/pkg/attacher/%g'
+ for FILE in pkg/${SIDECAR}/cmd/csi-${SIDECAR}/*.go
++ basename pkg/attacher/cmd/csi-attacher/main.go
+ NEW_FILE=cmd/csi-sidecars/attacher_main.go
+ cp -v -- pkg/attacher/cmd/csi-attacher/main.go cmd/csi-sidecars/attacher_main.go
+ sed -i.bak 's/func main()/func attacher_main(ctx context.Context)/g' cmd/csi-sidecars/attacher_main.go
+ sed -i.bak '/^var (/,/^)/d' cmd/csi-sidecars/attacher_main.go
+ sed -i.bak '/ctx :=/d' cmd/csi-sidecars/attacher_main.go
+ sed -i.bak 's/context.TODO()/ctx/g' cmd/csi-sidecars/attacher_main.go
+ sed -i.bak /flag.Var/d cmd/csi-sidecars/attacher_main.go
+ sed -i.bak /featuregate.NewFeatureGate/d cmd/csi-sidecars/attacher_main.go
+ sed -i.bak /logsapi.AddFeatureGates/d cmd/csi-sidecars/attacher_main.go
+ sed -i.bak '/Options are:/d' cmd/csi-sidecars/attacher_main.go
+ sed -i.bak /logsapi.NewLoggingConfiguration/d cmd/csi-sidecars/attacher_main.go
+ sed -i.bak /logsapi.AddGoFlags/d cmd/csi-sidecars/attacher_main.go
+ sed -i.bak /logsapi.AddFlags/d cmd/csi-sidecars/attacher_main.go
+ sed -i.bak /logs.InitLogs/d cmd/csi-sidecars/attacher_main.go
+ sed -i.bak /flag.Parse/d cmd/csi-sidecars/attacher_main.go
+ sed -i.bak '/logsapi.ValidateAndApply/,/}/d' cmd/csi-sidecars/attacher_main.go
+ sed -i.bak /klog.InitFlags/d cmd/csi-sidecars/attacher_main.go
+ sed -i.bak /logtostderr/d cmd/csi-sidecars/attacher_main.go
+ sed -i.bak '/^\tif !utilfeature\.DefaultMutableFeatureGate/,/^\t}/d' cmd/csi-sidecars/attacher_main.go
+ sed -i.bak /flag.CommandLine.AddGoFlagSet/d cmd/csi-sidecars/attacher_main.go
+ sed -i.bak /standardflags.AddAutomaxprocs/d cmd/csi-sidecars/attacher_main.go
+ sed -i.bak /standardflags.RegisterCommonFlags/d cmd/csi-sidecars/attacher_main.go
+ sed -i.bak /goflag/d cmd/csi-sidecars/attacher_main.go
+ sed -i.bak '/flag"/d' cmd/csi-sidecars/attacher_main.go
+ sed -i.bak '/featuregate"/d' cmd/csi-sidecars/attacher_main.go
+ sed -i.bak /logs/d cmd/csi-sidecars/attacher_main.go
+ '[' attacher = resizer ']'
+ '[' attacher = attacher ']'
+ sed -i.bak /strings/d cmd/csi-sidecars/attacher_main.go
+ [[ attacher == \a\t\t\a\c\h\e\r ]]
+ rm pkg/attacher/cmd/csi-attacher/main.go
+ symlink_from_root_to_hack hack/pkg/attacher/cmd/csi-attacher/main.go
+ file=hack/pkg/attacher/cmd/csi-attacher/main.go
+ file_without_hack=pkg/attacher/cmd/csi-attacher/main.go
++ dirname pkg/attacher/cmd/csi-attacher/main.go
+ mkdir -p pkg/attacher/cmd/csi-attacher
+ ln -s /root/csi-sidecars-aio-poc/hack/pkg/attacher/cmd/csi-attacher/main.go /root/csi-sidecars-aio-poc/pkg/attacher/cmd/csi-attacher/main.go
+ for i in attacher,master provisioner,master resizer,master
+ IFS=,
+ read SIDECAR SIDECAR_HASH
+ [[ ! -d pkg/provisioner ]]
+ git clone --depth 1 https://github.com/kubernetes-csi/external-provisioner pkg/provisioner
Cloning into 'pkg/provisioner'...
remote: Enumerating objects: 9966, done.
remote: Counting objects: 100% (9966/9966), done.
remote: Compressing objects: 100% (6549/6549), done.
remote: Total 9966 (delta 3745), reused 6762 (delta 2891), pack-reused 0 (from 0)
Receiving objects: 100% (9966/9966), 13.29 MiB | 24.89 MiB/s, done.
Resolving deltas: 100% (3745/3745), done.
+ cd pkg/provisioner
+ git checkout master
Already on 'master'
+ git rev-parse --short HEAD
+ cat pkg/provisioner/go.mod
+ grep '        '
+ grep -v indirect
+ cat pkg/provisioner/go.mod
+ grep 'replace '
+ sed s/v0.35.0/v0.35.2/g
+ cat pkg/provisioner/go.mod
+ grep 'replace k8s.io/api =>'
+ [[ 1 == 1 ]]
+ rm -rf pkg/provisioner/.git
+ rm -rf pkg/provisioner/.github
+ rm -rf pkg/provisioner/vendor
+ rm -rf pkg/provisioner/release-tools
+ rm -rf pkg/provisioner/go.mod
+ rm -rf pkg/provisioner/go.sum
+ rm -rf pkg/provisioner/Dockerfile
+ rm -rf pkg/provisioner/.cloudbuild.sh
+ rm -rf pkg/provisioner/cloudbuild.yaml
+ rm -rf pkg/provisioner/.prow.sh
+ rm -rf pkg/provisioner/OWNER_ALIASES
+ rm -rf pkg/provisioner/Makefile
+ cd pkg/provisioner
+ find . -type f -exec grep -q github.com/kubernetes-csi/external-provisioner/ --files-with-matches '{}' ';' -print
+ cd pkg/provisioner
+ find . -type f -exec grep -q github.com/kubernetes-csi/external-provisioner/ --files-with-matches '{}' ';' -print
+ xargs sed -E -i.bak 's%github.com/kubernetes-csi/external-provisioner/(v[0-9]+/)?%github.com/kubernetes-csi/csi-sidecars/pkg/provisioner/%g'
+ for FILE in pkg/${SIDECAR}/cmd/csi-${SIDECAR}/*.go
++ basename pkg/provisioner/cmd/csi-provisioner/csi-provisioner.go
+ NEW_FILE=cmd/csi-sidecars/provisioner_csi-provisioner.go
+ cp -v -- pkg/provisioner/cmd/csi-provisioner/csi-provisioner.go cmd/csi-sidecars/provisioner_csi-provisioner.go
+ sed -i.bak 's/func main()/func provisioner_main(ctx context.Context)/g' cmd/csi-sidecars/provisioner_csi-provisioner.go
+ sed -i.bak '/^var (/,/^)/d' cmd/csi-sidecars/provisioner_csi-provisioner.go
+ sed -i.bak '/ctx :=/d' cmd/csi-sidecars/provisioner_csi-provisioner.go
+ sed -i.bak 's/context.TODO()/ctx/g' cmd/csi-sidecars/provisioner_csi-provisioner.go
+ sed -i.bak /flag.Var/d cmd/csi-sidecars/provisioner_csi-provisioner.go
+ sed -i.bak /featuregate.NewFeatureGate/d cmd/csi-sidecars/provisioner_csi-provisioner.go
+ sed -i.bak /logsapi.AddFeatureGates/d cmd/csi-sidecars/provisioner_csi-provisioner.go
+ sed -i.bak '/Options are:/d' cmd/csi-sidecars/provisioner_csi-provisioner.go
+ sed -i.bak /logsapi.NewLoggingConfiguration/d cmd/csi-sidecars/provisioner_csi-provisioner.go
+ sed -i.bak /logsapi.AddGoFlags/d cmd/csi-sidecars/provisioner_csi-provisioner.go
+ sed -i.bak /logsapi.AddFlags/d cmd/csi-sidecars/provisioner_csi-provisioner.go
+ sed -i.bak /logs.InitLogs/d cmd/csi-sidecars/provisioner_csi-provisioner.go
+ sed -i.bak /flag.Parse/d cmd/csi-sidecars/provisioner_csi-provisioner.go
+ sed -i.bak '/logsapi.ValidateAndApply/,/}/d' cmd/csi-sidecars/provisioner_csi-provisioner.go
+ sed -i.bak /klog.InitFlags/d cmd/csi-sidecars/provisioner_csi-provisioner.go
+ sed -i.bak /logtostderr/d cmd/csi-sidecars/provisioner_csi-provisioner.go
+ sed -i.bak '/^\tif !utilfeature\.DefaultMutableFeatureGate/,/^\t}/d' cmd/csi-sidecars/provisioner_csi-provisioner.go
+ sed -i.bak /flag.CommandLine.AddGoFlagSet/d cmd/csi-sidecars/provisioner_csi-provisioner.go
+ sed -i.bak /standardflags.AddAutomaxprocs/d cmd/csi-sidecars/provisioner_csi-provisioner.go
+ sed -i.bak /standardflags.RegisterCommonFlags/d cmd/csi-sidecars/provisioner_csi-provisioner.go
+ sed -i.bak /goflag/d cmd/csi-sidecars/provisioner_csi-provisioner.go
+ sed -i.bak '/flag"/d' cmd/csi-sidecars/provisioner_csi-provisioner.go
+ sed -i.bak '/featuregate"/d' cmd/csi-sidecars/provisioner_csi-provisioner.go
+ sed -i.bak /logs/d cmd/csi-sidecars/provisioner_csi-provisioner.go
+ '[' provisioner = resizer ']'
+ '[' provisioner = attacher ']'
+ for FILE in pkg/${SIDECAR}/cmd/csi-${SIDECAR}/*.go
++ basename pkg/provisioner/cmd/csi-provisioner/util.go
+ NEW_FILE=cmd/csi-sidecars/provisioner_util.go
+ cp -v -- pkg/provisioner/cmd/csi-provisioner/util.go cmd/csi-sidecars/provisioner_util.go
+ sed -i.bak 's/func main()/func provisioner_main(ctx context.Context)/g' cmd/csi-sidecars/provisioner_util.go
+ sed -i.bak '/^var (/,/^)/d' cmd/csi-sidecars/provisioner_util.go
+ sed -i.bak '/ctx :=/d' cmd/csi-sidecars/provisioner_util.go
+ sed -i.bak 's/context.TODO()/ctx/g' cmd/csi-sidecars/provisioner_util.go
+ sed -i.bak /flag.Var/d cmd/csi-sidecars/provisioner_util.go
+ sed -i.bak /featuregate.NewFeatureGate/d cmd/csi-sidecars/provisioner_util.go
+ sed -i.bak /logsapi.AddFeatureGates/d cmd/csi-sidecars/provisioner_util.go
+ sed -i.bak '/Options are:/d' cmd/csi-sidecars/provisioner_util.go
+ sed -i.bak /logsapi.NewLoggingConfiguration/d cmd/csi-sidecars/provisioner_util.go
+ sed -i.bak /logsapi.AddGoFlags/d cmd/csi-sidecars/provisioner_util.go
+ sed -i.bak /logsapi.AddFlags/d cmd/csi-sidecars/provisioner_util.go
+ sed -i.bak /logs.InitLogs/d cmd/csi-sidecars/provisioner_util.go
+ sed -i.bak /flag.Parse/d cmd/csi-sidecars/provisioner_util.go
+ sed -i.bak '/logsapi.ValidateAndApply/,/}/d' cmd/csi-sidecars/provisioner_util.go
+ sed -i.bak /klog.InitFlags/d cmd/csi-sidecars/provisioner_util.go
+ sed -i.bak /logtostderr/d cmd/csi-sidecars/provisioner_util.go
+ sed -i.bak '/^\tif !utilfeature\.DefaultMutableFeatureGate/,/^\t}/d' cmd/csi-sidecars/provisioner_util.go
+ sed -i.bak /flag.CommandLine.AddGoFlagSet/d cmd/csi-sidecars/provisioner_util.go
+ sed -i.bak /standardflags.AddAutomaxprocs/d cmd/csi-sidecars/provisioner_util.go
+ sed -i.bak /standardflags.RegisterCommonFlags/d cmd/csi-sidecars/provisioner_util.go
+ sed -i.bak /goflag/d cmd/csi-sidecars/provisioner_util.go
+ sed -i.bak '/flag"/d' cmd/csi-sidecars/provisioner_util.go
+ sed -i.bak '/featuregate"/d' cmd/csi-sidecars/provisioner_util.go
+ sed -i.bak /logs/d cmd/csi-sidecars/provisioner_util.go
+ '[' provisioner = resizer ']'
+ '[' provisioner = attacher ']'
+ for FILE in pkg/${SIDECAR}/cmd/csi-${SIDECAR}/*.go
++ basename pkg/provisioner/cmd/csi-provisioner/util_test.go
+ NEW_FILE=cmd/csi-sidecars/provisioner_util_test.go
+ cp -v -- pkg/provisioner/cmd/csi-provisioner/util_test.go cmd/csi-sidecars/provisioner_util_test.go
+ sed -i.bak 's/func main()/func provisioner_main(ctx context.Context)/g' cmd/csi-sidecars/provisioner_util_test.go
+ sed -i.bak '/^var (/,/^)/d' cmd/csi-sidecars/provisioner_util_test.go
+ sed -i.bak '/ctx :=/d' cmd/csi-sidecars/provisioner_util_test.go
+ sed -i.bak 's/context.TODO()/ctx/g' cmd/csi-sidecars/provisioner_util_test.go
+ sed -i.bak /flag.Var/d cmd/csi-sidecars/provisioner_util_test.go
+ sed -i.bak /featuregate.NewFeatureGate/d cmd/csi-sidecars/provisioner_util_test.go
+ sed -i.bak /logsapi.AddFeatureGates/d cmd/csi-sidecars/provisioner_util_test.go
+ sed -i.bak '/Options are:/d' cmd/csi-sidecars/provisioner_util_test.go
+ sed -i.bak /logsapi.NewLoggingConfiguration/d cmd/csi-sidecars/provisioner_util_test.go
+ sed -i.bak /logsapi.AddGoFlags/d cmd/csi-sidecars/provisioner_util_test.go
+ sed -i.bak /logsapi.AddFlags/d cmd/csi-sidecars/provisioner_util_test.go
+ sed -i.bak /logs.InitLogs/d cmd/csi-sidecars/provisioner_util_test.go
+ sed -i.bak /flag.Parse/d cmd/csi-sidecars/provisioner_util_test.go
+ sed -i.bak '/logsapi.ValidateAndApply/,/}/d' cmd/csi-sidecars/provisioner_util_test.go
+ sed -i.bak /klog.InitFlags/d cmd/csi-sidecars/provisioner_util_test.go
+ sed -i.bak /logtostderr/d cmd/csi-sidecars/provisioner_util_test.go
+ sed -i.bak '/^\tif !utilfeature\.DefaultMutableFeatureGate/,/^\t}/d' cmd/csi-sidecars/provisioner_util_test.go
+ sed -i.bak /flag.CommandLine.AddGoFlagSet/d cmd/csi-sidecars/provisioner_util_test.go
+ sed -i.bak /standardflags.AddAutomaxprocs/d cmd/csi-sidecars/provisioner_util_test.go
+ sed -i.bak /standardflags.RegisterCommonFlags/d cmd/csi-sidecars/provisioner_util_test.go
+ sed -i.bak /goflag/d cmd/csi-sidecars/provisioner_util_test.go
+ sed -i.bak '/flag"/d' cmd/csi-sidecars/provisioner_util_test.go
+ sed -i.bak '/featuregate"/d' cmd/csi-sidecars/provisioner_util_test.go
+ sed -i.bak /logs/d cmd/csi-sidecars/provisioner_util_test.go
+ '[' provisioner = resizer ']'
+ '[' provisioner = attacher ']'
+ [[ provisioner == \a\t\t\a\c\h\e\r ]]
+ for i in attacher,master provisioner,master resizer,master
+ IFS=,
+ read SIDECAR SIDECAR_HASH
+ [[ ! -d pkg/resizer ]]
+ git clone --depth 1 https://github.com/kubernetes-csi/external-resizer pkg/resizer
Cloning into 'pkg/resizer'...
remote: Enumerating objects: 7676, done.
remote: Counting objects: 100% (7676/7676), done.
remote: Compressing objects: 100% (5244/5244), done.
remote: Total 7676 (delta 2902), reused 4836 (delta 2045), pack-reused 0 (from 0)
Receiving objects: 100% (7676/7676), 10.12 MiB | 15.65 MiB/s, done.
Resolving deltas: 100% (2902/2902), done.
+ cd pkg/resizer
+ git checkout master
Already on 'master'
+ git rev-parse --short HEAD
+ cat pkg/resizer/go.mod
+ grep '        '
+ grep -v indirect
+ cat pkg/resizer/go.mod
+ grep 'replace '
+ sed s/v0.35.0/v0.35.2/g
+ [[ 1 == 1 ]]
+ cat pkg/resizer/go.mod
+ grep 'replace k8s.io/api =>'
+ [[ 1 == 1 ]]
+ rm -rf pkg/resizer/.git
+ rm -rf pkg/resizer/.github
+ rm -rf pkg/resizer/vendor
+ rm -rf pkg/resizer/release-tools
+ rm -rf pkg/resizer/go.mod
+ rm -rf pkg/resizer/go.sum
+ rm -rf pkg/resizer/Dockerfile
+ rm -rf pkg/resizer/.cloudbuild.sh
+ rm -rf pkg/resizer/cloudbuild.yaml
+ rm -rf pkg/resizer/.prow.sh
+ rm -rf pkg/resizer/OWNER_ALIASES
+ rm -rf pkg/resizer/Makefile
+ cd pkg/resizer
+ find . -type f -exec grep -q github.com/kubernetes-csi/external-resizer/ --files-with-matches '{}' ';' -print
+ cd pkg/resizer
+ find . -type f -exec grep -q github.com/kubernetes-csi/external-resizer/ --files-with-matches '{}' ';' -print
+ xargs sed -E -i.bak 's%github.com/kubernetes-csi/external-resizer/(v[0-9]+/)?%github.com/kubernetes-csi/csi-sidecars/pkg/resizer/%g'
+ for FILE in pkg/${SIDECAR}/cmd/csi-${SIDECAR}/*.go
++ basename pkg/resizer/cmd/csi-resizer/main.go
+ NEW_FILE=cmd/csi-sidecars/resizer_main.go
+ cp -v -- pkg/resizer/cmd/csi-resizer/main.go cmd/csi-sidecars/resizer_main.go
+ sed -i.bak 's/func main()/func resizer_main(ctx context.Context)/g' cmd/csi-sidecars/resizer_main.go
+ sed -i.bak '/^var (/,/^)/d' cmd/csi-sidecars/resizer_main.go
+ sed -i.bak '/ctx :=/d' cmd/csi-sidecars/resizer_main.go
+ sed -i.bak 's/context.TODO()/ctx/g' cmd/csi-sidecars/resizer_main.go
+ sed -i.bak /flag.Var/d cmd/csi-sidecars/resizer_main.go
+ sed -i.bak /featuregate.NewFeatureGate/d cmd/csi-sidecars/resizer_main.go
+ sed -i.bak /logsapi.AddFeatureGates/d cmd/csi-sidecars/resizer_main.go
+ sed -i.bak '/Options are:/d' cmd/csi-sidecars/resizer_main.go
+ sed -i.bak /logsapi.NewLoggingConfiguration/d cmd/csi-sidecars/resizer_main.go
+ sed -i.bak /logsapi.AddGoFlags/d cmd/csi-sidecars/resizer_main.go
+ sed -i.bak /logsapi.AddFlags/d cmd/csi-sidecars/resizer_main.go
+ sed -i.bak /logs.InitLogs/d cmd/csi-sidecars/resizer_main.go
+ sed -i.bak /flag.Parse/d cmd/csi-sidecars/resizer_main.go
+ sed -i.bak '/logsapi.ValidateAndApply/,/}/d' cmd/csi-sidecars/resizer_main.go
+ sed -i.bak /klog.InitFlags/d cmd/csi-sidecars/resizer_main.go
+ sed -i.bak /logtostderr/d cmd/csi-sidecars/resizer_main.go
+ sed -i.bak '/^\tif !utilfeature\.DefaultMutableFeatureGate/,/^\t}/d' cmd/csi-sidecars/resizer_main.go
+ sed -i.bak /flag.CommandLine.AddGoFlagSet/d cmd/csi-sidecars/resizer_main.go
+ sed -i.bak /standardflags.AddAutomaxprocs/d cmd/csi-sidecars/resizer_main.go
+ sed -i.bak /standardflags.RegisterCommonFlags/d cmd/csi-sidecars/resizer_main.go
+ sed -i.bak /goflag/d cmd/csi-sidecars/resizer_main.go
+ sed -i.bak '/flag"/d' cmd/csi-sidecars/resizer_main.go
+ sed -i.bak '/featuregate"/d' cmd/csi-sidecars/resizer_main.go
+ sed -i.bak /logs/d cmd/csi-sidecars/resizer_main.go
+ '[' resizer = resizer ']'
+ sed -i.bak /strings/d cmd/csi-sidecars/resizer_main.go
+ '[' resizer = attacher ']'
+ [[ resizer == \a\t\t\a\c\h\e\r ]]
+ echo 'Sanity checks'
+ echo 'Check that the k8s.io dependencies match'
+ [[ '' != \t\r\u\e ]]
++ cat tmp/gomod-k8sapi.txt
++ sort
++ uniq
++ wc -l
+ [[ 1 -gt 1 ]]
+ symlink_from_root_to_hack hack/cmd/csi-sidecars/main.go
+ file=hack/cmd/csi-sidecars/main.go
+ file_without_hack=cmd/csi-sidecars/main.go
++ dirname cmd/csi-sidecars/main.go
+ mkdir -p cmd/csi-sidecars
+ ln -s /root/csi-sidecars-aio-poc/hack/cmd/csi-sidecars/main.go /root/csi-sidecars-aio-poc/cmd/csi-sidecars/main.go
+ symlink_from_root_to_hack hack/cmd/csi-sidecars/config/flags.go
+ file=hack/cmd/csi-sidecars/config/flags.go
+ file_without_hack=cmd/csi-sidecars/config/flags.go
++ dirname cmd/csi-sidecars/config/flags.go
+ mkdir -p cmd/csi-sidecars/config
+ ln -s /root/csi-sidecars-aio-poc/hack/cmd/csi-sidecars/config/flags.go /root/csi-sidecars-aio-poc/cmd/csi-sidecars/config/flags.go
+ symlink_from_root_to_hack hack/pkg/attacher/cmd/csi-attacher/config/flags.go
+ file=hack/pkg/attacher/cmd/csi-attacher/config/flags.go
+ file_without_hack=pkg/attacher/cmd/csi-attacher/config/flags.go
++ dirname pkg/attacher/cmd/csi-attacher/config/flags.go
+ mkdir -p pkg/attacher/cmd/csi-attacher/config
+ ln -s /root/csi-sidecars-aio-poc/hack/pkg/attacher/cmd/csi-attacher/config/flags.go /root/csi-sidecars-aio-poc/pkg/attacher/cmd/csi-attacher/config/flags.go
+ cat
+ cat tmp/gomod-require.txt
+ sort
+ uniq
+ cat
+ cat tmp/gomod-replace.txt
+ sort
+ uniq
+ go mod tidy
+ cat
+ csi_lib_utils=staging/src/github.com/kubernetes-csi/csi-lib-utils
+ [[ ! -d staging/src/github.com/kubernetes-csi/csi-lib-utils ]]
+ git clone https://github.com/kubernetes-csi/csi-lib-utils staging/src/github.com/kubernetes-csi/csi-lib-utils
Cloning into 'staging/src/github.com/kubernetes-csi/csi-lib-utils'...
remote: Enumerating objects: 22799, done.
remote: Counting objects: 100% (1685/1685), done.
remote: Compressing objects: 100% (459/459), done.
remote: Total 22799 (delta 1404), reused 1226 (delta 1226), pack-reused 21114 (from 2)
Receiving objects: 100% (22799/22799), 22.20 MiB | 35.24 MiB/s, done.
Resolving deltas: 100% (15235/15235), done.
+ rm -rf staging/src/github.com/kubernetes-csi/csi-lib-utils/.git
+ rm -rf staging/src/github.com/kubernetes-csi/csi-lib-utils/.github
+ rm -rf staging/src/github.com/kubernetes-csi/csi-lib-utils/vendor
+ rm -rf staging/src/github.com/kubernetes-csi/csi-lib-utils/release-tools
+ grep -q ./staging/src/github.com/kubernetes-csi/csi-lib-utils go.mod
+ echo 'replace github.com/kubernetes-csi/csi-lib-utils => ./staging/src/github.com/kubernetes-csi/csi-lib-utils'
+ rm -rf go.work go.sum
+ go work init .
+ go work use ./staging/src/github.com/kubernetes-csi/csi-lib-utils
+ go mod tidy
+ go work vendor
+ make build

======================================================
                  WARNING

  This projects is tested with Go v1.22.3.
  Your current Go version is v1.25.
  This may or may not be close enough.

  In particular test-gofmt and test-vendor
  are known to be sensitive to the version of
  Go.
======================================================

+ cd ./cmd/csi-sidecars
+ CGO_ENABLED=0
+ GOOS=
+ GOARCH=
+ go build -a -ldflags ' -X main.version=4fc7855b244c71bb2f0968b1363ae849af8dad11 -extldflags "-static"' -o /root/csi-sidecars-aio-poc/bin/csi-sidecars .
+ ./bin/csi-sidecars --help
Usage of ./bin/csi-sidecars:
      --add_dir_header                                    If true, adds the file directory to the header of the log messages
      --alsologtostderr                                   log to standard error as well as files (no effect when -logtostderr=true)
      --alsologtostderrthreshold severity                 logs at or above this threshold go to stderr when -alsologtostderr=true (no effect when -logtostderr=true)
      --attacher-default-fstype string                    The default filesystem type of the volume to use.
      --attacher-max-entries int                          Max entries per each page in volume lister call, 0 means no limit.
      --attacher-max-grpc-log-length int                  The maximum amount of characters logged for every grpc responses. Defaults to no limit (default -1)
      --attacher-reconcile-sync duration                  Resync interval of the VolumeAttachment reconciler. (default 1m0s)
      --attacher-retry-interval-max duration              Maximum retry interval of failed create volume or deletion. (default 5m0s)
      --attacher-retry-interval-start duration            Initial retry interval of failed create volume or deletion. It doubles with each failure, up to retry-interval-max. (default 1s)
      --attacher-timeout duration                         Timeout for waiting for attaching or detaching the volume. (default 15s)
      --attacher-worker-threads int                       Number of worker threads per sidecar (default 10)
      --automaxprocs boolFunc[=true]                      automatically set GOMAXPROCS to match Linux container CPU quota
      --controllers string                                A comma-separated list of controllers to enable. The possible values are: [resizer,attacher,provisioner]
      --csi-address string                                Address of the CSI driver socket. (default "/run/csi/socket")
      --feature-gates mapStringBool                       A set of key=value pairs that describe feature gates for alpha/experimental features. Options are:
                                                          APIResponseCompression=true|false (BETA - default=true)
                                                          APIServerIdentity=true|false (BETA - default=true)
                                                          APIServingWithRoutine=true|false (ALPHA - default=false)
                                                          AllAlpha=true|false (ALPHA - default=false)
                                                          AllBeta=true|false (BETA - default=false)
                                                          AllowParsingUserUIDFromCertAuth=true|false (BETA - default=true)
                                                          AllowUnsafeMalformedObjectDeletion=true|false (ALPHA - default=false)
                                                          AnnotateFsResize=true|false (ALPHA - default=false)
                                                          CBORServingAndStorage=true|false (ALPHA - default=false)
                                                          ComponentFlagz=true|false (ALPHA - default=false)
                                                          ComponentStatusz=true|false (ALPHA - default=false)
                                                          ConcurrentWatchObjectDecode=true|false (BETA - default=false)
                                                          ConstrainedImpersonation=true|false (ALPHA - default=false)
                                                          CoordinatedLeaderElection=true|false (BETA - default=false)
                                                          CrossNamespaceVolumeDataSource=true|false (ALPHA - default=false)
                                                          DeclarativeValidation=true|false (BETA - default=true)
                                                          DeclarativeValidationTakeover=true|false (BETA - default=false)
                                                          DetectCacheInconsistency=true|false (BETA - default=true)
                                                          ListFromCacheSnapshot=true|false (BETA - default=true)
                                                          MutableCSINodeAllocatableCount=true|false (BETA - default=false)
                                                          MutatingAdmissionPolicy=true|false (BETA - default=false)
                                                          OpenAPIEnums=true|false (BETA - default=true)
                                                          RecoverVolumeExpansionFailure=true|false (BETA - default=true)
                                                          ReleaseLeaderElectionOnExit=true|false (ALPHA - default=false)
                                                          RemoteRequestHeaderUID=true|false (BETA - default=true)
                                                          SizeBasedListCostEstimate=true|false (BETA - default=true)
                                                          StorageVersionAPI=true|false (ALPHA - default=false)
                                                          StorageVersionHash=true|false (BETA - default=true)
                                                          StructuredAuthenticationConfigurationEgressSelector=true|false (BETA - default=true)
                                                          StructuredAuthenticationConfigurationJWKSMetrics=true|false (BETA - default=true)
                                                          TokenRequestServiceAccountUIDValidation=true|false (BETA - default=true)
                                                          UnauthenticatedHTTP2DOSMitigation=true|false (BETA - default=true)
                                                          UnknownVersionInteroperabilityProxy=true|false (ALPHA - default=false)
                                                          WatchCacheInitializationPostStartHook=true|false (BETA - default=false)
                                                          WatchList=true|false (BETA - default=true)
      --http-endpoint :8080                               The TCP network address where the HTTP server for diagnostics, including metrics and leader election health check, will listen (example: :8080). The default is empty string, which means the server is disabled. Only one of `--metrics-address` and `--http-endpoint` can be set.
      --kube-api-burst int                                Burst to use while communicating with the kubernetes apiserver. Defaults to 10. (default 10)
      --kube-api-qps float                                QPS to use while communicating with the kubernetes apiserver. Defaults to 5.0. (default 5)
      --kubeconfig string                                 Absolute path to the kubeconfig file. Required only when running out of cluster.
      --leader-election                                   Enable leader election.
      --leader-election-labels stringMap                  List of labels to add to lease when given replica becomes leader. Formatted as a comma seperated list of key:value labels. Example: 'my-label:my-value,my-second-label:my-second-value' (default map[])
      --leader-election-lease-duration duration           Duration, in seconds, that non-leader candidates will wait to force acquire leadership. Defaults to 15 seconds. (default 15s)
      --leader-election-namespace string                  Namespace where the leader election resource lives. Defaults to the pod namespace if not set.
      --leader-election-renew-deadline duration           Duration, in seconds, that the acting leader will retry refreshing leadership before giving up. Defaults to 10 seconds. (default 10s)
      --leader-election-retry-period duration             Duration, in seconds, the LeaderElector clients should wait between tries of actions. Defaults to 5 seconds. (default 5s)
      --legacy_stderr_threshold_behavior                  If true, stderrthreshold is ignored when logtostderr=true (legacy behavior). If false, stderrthreshold is honored even when logtostderr=true (default true)
      --log-flush-frequency duration                      Maximum number of seconds between log flushes (default 5s)
      --log-text-info-buffer-size quantity                [Alpha] In text format with split output streams, the info messages can be buffered for a while to increase performance. The default value of zero bytes disables buffering. The size can be specified as number of bytes (512), multiples of 1000 (1K), multiples of 1024 (2Ki), or powers of those (3M, 4G, 5Mi, 6Gi). Enable the LoggingAlphaOptions feature gate to use this.
      --log-text-split-stream                             [Alpha] In text format, write error messages to stderr and info messages to stdout. The default is to write a single stream to stdout. Enable the LoggingAlphaOptions feature gate to use this.
      --log_backtrace_at traceLocation                    when logging hits line file:N, emit a stack trace (default :0)
      --log_dir string                                    If non-empty, write log files in this directory (no effect when -logtostderr=true)
      --log_file string                                   If non-empty, use this log file (no effect when -logtostderr=true)
      --log_file_max_size uint                            Defines the maximum size a log file can grow to (no effect when -logtostderr=true). Unit is megabytes. If the value is 0, the maximum file size is unlimited. (default 1800)
      --logging-format string                             Sets the log format. Permitted formats: "text". (default "text")
      --logtostderr                                       log to standard error instead of files (default true)
      --master string                                     Master URL to build a client config from. Either this or kubeconfig needs to be set if the provisioner is being run out of cluster.
      --metrics-address :8080                             (deprecated) The TCP network address where the prometheus metrics endpoint will listen (example: :8080). The default is empty string, which means metrics endpoint is disabled. Only one of `--metrics-address` and `--http-endpoint` can be set.
      --metrics-path /metrics                             The HTTP path where prometheus metrics will be exposed. Default is /metrics. (default "/metrics")
      --one_output                                        If true, only write logs to their native severity level (vs also writing to each lower severity level; no effect when -logtostderr=true)
      --provisioner-capacity-for-immediate-binding        Enables producing capacity information for storage classes with immediate binding. Not needed for the Kubernetes scheduler, maybe useful for other consumers or for debugging.
      --provisioner-capacity-ownerref-level int           The level indicates the number of objects that need to be traversed starting from the pod identified by the POD_NAME and NAMESPACE environment variables to reach the owning object for CSIStorageCapacity objects: -1 for no owner, 0 for the pod itself, 1 for a StatefulSet or DaemonSet, 2 for a Deployment, etc. (default 1)
      --provisioner-capacity-poll-interval duration       How long the external-provisioner waits before checking for storage capacity changes. (default 1m0s)
      --provisioner-capacity-threads uint                 Number of simultaneously running threads, handling CSIStorageCapacity objects (default 1)
      --provisioner-cloning-protection-threads uint       Number of simultaneously running threads, handling cloning finalizer removal (default 1)
      --provisioner-controller-publish-readonly           This option enables PV to be marked as readonly at controller publish volume call if PVC accessmode has been set to ROX.
      --provisioner-enable-capacity                       This enables producing CSIStorageCapacity objects with capacity information from the driver's GetCapacity call.
      --provisioner-enable-pprof /debug/pprof/            Enable pprof profiling on the TCP network address specified by --http-endpoint. The HTTP path is /debug/pprof/.
      --provisioner-extra-create-metadata                 If set, add pv/pvc metadata to plugin create requests as parameters.
      --provisioner-immediate-topology                    Immediate binding: pass aggregated cluster topologies for all nodes where the CSI driver is available (enabled, the default) or no topology requirements (if disabled). (default true)
      --provisioner-kube-api-capacity-burst int           Burst to use for storage capacity updates while communicating with the kubernetes apiserver. Defaults to 5. (default 5)
      --provisioner-kube-api-capacity-qps float32         QPS to use for storage capacity updates while communicating with the kubernetes apiserver. Defaults to 1.0. (default 1)
      --provisioner-node-deployment                       Enables deploying the external-provisioner together with a CSI driver on nodes to manage node-local volumes.
      --provisioner-node-deployment-base-delay duration   Determines how long the external-provisioner sleeps initially before trying to own a PVC with immediate binding. (default 20s)
      --provisioner-node-deployment-immediate-binding     Determines whether immediate binding is supported when deployed on each node. (default true)
      --provisioner-node-deployment-max-delay duration    Determines how long the external-provisioner sleeps at most before trying to own a PVC with immediate binding. (default 1m0s)
      --provisioner-prevent-volume-mode-conversion        Prevents an unauthorised user from modifying the volume mode when creating a PVC from an existing VolumeSnapshot. (default true)
      --provisioner-strict-topology                       Late binding: pass only selected node topology to CreateVolume Request, unlike default behavior of passing aggregated cluster topologies that match with topology keys of the selected node.
      --provisioner-volume-name-prefix string             Prefix to apply to the name of a created volume. (default "pvc")
      --provisioner-volume-name-uuid-length int           Truncates generated UUID of a created volume to this length. Defaults behavior is to NOT truncate. (default -1)
      --resizer-extra-modify-metadata                     If set, add pv/pvc metadata to plugin modify requests as parameters.
      --resizer-handle-volume-inuse-error                 Flag to turn on/off capability to handle volume in use error in resizer controller. Defaults to true if not set. (default true)
      --resync duration                                   Resync interval of the controller. (default 10m0s)
      --retry-interval-max duration                       Maximum retry interval of failed create volume or deletion. (default 5m0s)
      --retry-interval-start duration                     Initial retry interval of failed create volume or deletion. It doubles with each failure, up to retry-interval-max. (default 1s)
      --skip_headers                                      If true, avoid header prefixes in the log messages
      --skip_log_headers                                  If true, avoid headers when opening log files (no effect when -logtostderr=true)
      --stderrthreshold severity                          logs at or above this threshold go to stderr when writing to files and stderr (no effect when -logtostderr=true or -alsologtostderr=true unless -legacy_stderr_threshold_behavior=false) (default 2)
  -v, --v Level                                           number for the log level verbosity
      --version                                           Show version.
      --vmodule pattern=N,...                             comma-separated list of pattern=N settings for file-filtered logging (only works for text log format)
+ go build -a -ldflags ' -X main.version=foo -extldflags "-static"' -o ./bin/csi-attacher ./pkg/attacher/cmd/csi-attacher
# github.com/kubernetes-csi/csi-sidecars/pkg/attacher/cmd/csi-attacher
/usr/bin/ld: /tmp/go-link-1501858949/000037.o: in function `_cgo_0adcd145e95b_Cfunc_dlopen':
/tmp/go-build/cgo-gcc-prolog:92: warning: Using 'dlopen' in statically linked applications requires at runtime the shared libraries from the glibc version used for linking
/usr/bin/ld: /tmp/go-link-1501858949/000008.o: in function `mygetgrouplist':
/_/GOROOT/src/os/user/getgrouplist_unix.go:15: warning: Using 'getgrouplist' in statically linked applications requires at runtime the shared libraries from the glibc version used for linking
/usr/bin/ld: /tmp/go-link-1501858949/000007.o: in function `mygetgrgid_r':
/_/GOROOT/src/os/user/cgo_lookup_cgo.go:45: warning: Using 'getgrgid_r' in statically linked applications requires at runtime the shared libraries from the glibc version used for linking
/usr/bin/ld: /tmp/go-link-1501858949/000007.o: in function `mygetgrnam_r':
/_/GOROOT/src/os/user/cgo_lookup_cgo.go:54: warning: Using 'getgrnam_r' in statically linked applications requires at runtime the shared libraries from the glibc version used for linking
/usr/bin/ld: /tmp/go-link-1501858949/000007.o: in function `mygetpwnam_r':
/_/GOROOT/src/os/user/cgo_lookup_cgo.go:36: warning: Using 'getpwnam_r' in statically linked applications requires at runtime the shared libraries from the glibc version used for linking
/usr/bin/ld: /tmp/go-link-1501858949/000007.o: in function `mygetpwuid_r':
/_/GOROOT/src/os/user/cgo_lookup_cgo.go:27: warning: Using 'getpwuid_r' in statically linked applications requires at runtime the shared libraries from the glibc version used for linking
/usr/bin/ld: /tmp/go-link-1501858949/000004.o: in function `_cgo_77133bf98b3a_C2func_getaddrinfo':
/tmp/go-build/cgo-gcc-prolog:60: warning: Using 'getaddrinfo' in statically linked applications requires at runtime the shared libraries from the glibc version used for linking
+ ./bin/csi-attacher --help
Usage of ./bin/csi-attacher:
  -automaxprocs
        automatically set GOMAXPROCS to match Linux container CPU quota
  -csi-address string
        Address of the CSI driver socket. (default "/run/csi/socket")
  -default-fstype string
        The default filesystem type of the volume to use.
  -feature-gates value
        A set of key=value pairs that describe feature gates for alpha/experimental features. Options are:
        APIResponseCompression=true|false (BETA - default=true)
        APIServerIdentity=true|false (BETA - default=true)
        APIServingWithRoutine=true|false (ALPHA - default=false)
        AllAlpha=true|false (ALPHA - default=false)
        AllBeta=true|false (BETA - default=false)
        AllowParsingUserUIDFromCertAuth=true|false (BETA - default=true)
        AllowUnsafeMalformedObjectDeletion=true|false (ALPHA - default=false)
        CBORServingAndStorage=true|false (ALPHA - default=false)
        ComponentFlagz=true|false (ALPHA - default=false)
        ComponentStatusz=true|false (ALPHA - default=false)
        ConcurrentWatchObjectDecode=true|false (BETA - default=false)
        ConstrainedImpersonation=true|false (ALPHA - default=false)
        CoordinatedLeaderElection=true|false (BETA - default=false)
        DeclarativeValidation=true|false (BETA - default=true)
        DeclarativeValidationTakeover=true|false (BETA - default=false)
        DetectCacheInconsistency=true|false (BETA - default=true)
        ListFromCacheSnapshot=true|false (BETA - default=true)
        MutableCSINodeAllocatableCount=true|false (BETA - default=false)
        MutatingAdmissionPolicy=true|false (BETA - default=false)
        OpenAPIEnums=true|false (BETA - default=true)
        ReleaseLeaderElectionOnExit=true|false (ALPHA - default=false)
        RemoteRequestHeaderUID=true|false (BETA - default=true)
        SizeBasedListCostEstimate=true|false (BETA - default=true)
        StorageVersionAPI=true|false (ALPHA - default=false)
        StorageVersionHash=true|false (BETA - default=true)
        StructuredAuthenticationConfigurationEgressSelector=true|false (BETA - default=true)
        StructuredAuthenticationConfigurationJWKSMetrics=true|false (BETA - default=true)
        TokenRequestServiceAccountUIDValidation=true|false (BETA - default=true)
        UnauthenticatedHTTP2DOSMitigation=true|false (BETA - default=true)
        UnknownVersionInteroperabilityProxy=true|false (ALPHA - default=false)
        WatchCacheInitializationPostStartHook=true|false (BETA - default=false)
        WatchList=true|false (BETA - default=true)
  -http-endpoint :8080
        The TCP network address where the HTTP server for diagnostics, including metrics and leader election health check, will listen (example: :8080). The default is empty string, which means the server is disabled. Only one of `--metrics-address` and `--http-endpoint` can be set.
  -kube-api-burst int
        Burst to use while communicating with the kubernetes apiserver. Defaults to 10. (default 10)
  -kube-api-qps float
        QPS to use while communicating with the kubernetes apiserver. Defaults to 5.0. (default 5)
  -kubeconfig string
        Absolute path to the kubeconfig file. Required only when running out of cluster.
  -leader-election
        Enable leader election.
  -leader-election-lease-duration duration
        Duration, in seconds, that non-leader candidates will wait to force acquire leadership. Defaults to 15 seconds. (default 15s)
  -leader-election-namespace string
        Namespace where the leader election resource lives. Defaults to the pod namespace if not set.
  -leader-election-renew-deadline duration
        Duration, in seconds, that the acting leader will retry refreshing leadership before giving up. Defaults to 10 seconds. (default 10s)
  -leader-election-retry-period duration
        Duration, in seconds, the LeaderElector clients should wait between tries of actions. Defaults to 5 seconds. (default 5s)
  -log-flush-frequency duration
        Maximum number of seconds between log flushes (default 5s)
  -log-json-info-buffer-size value
        [Alpha] In JSON format with split output streams, the info messages can be buffered for a while to increase performance. The default value of zero bytes disables buffering. The size can be specified as number of bytes (512), multiples of 1000 (1K), multiples of 1024 (2Ki), or powers of those (3M, 4G, 5Mi, 6Gi). Enable the LoggingAlphaOptions feature gate to use this.
  -log-json-split-stream
        [Alpha] In JSON format, write error messages to stderr and info messages to stdout. The default is to write a single stream to stdout. Enable the LoggingAlphaOptions feature gate to use this.
  -log-text-info-buffer-size value
        [Alpha] In text format with split output streams, the info messages can be buffered for a while to increase performance. The default value of zero bytes disables buffering. The size can be specified as number of bytes (512), multiples of 1000 (1K), multiples of 1024 (2Ki), or powers of those (3M, 4G, 5Mi, 6Gi). Enable the LoggingAlphaOptions feature gate to use this.
  -log-text-split-stream
        [Alpha] In text format, write error messages to stderr and info messages to stdout. The default is to write a single stream to stdout. Enable the LoggingAlphaOptions feature gate to use this.
  -logging-format string
        Sets the log format. Permitted formats: "json" (gated by LoggingBetaOptions), "text". (default "text")
  -max-entries int
        Max entries per each page in volume lister call, 0 means no limit.
  -max-grpc-log-length int
        The maximum amount of characters logged for every grpc responses. Defaults to no limit (default -1)
  -metrics-address :8080
        (deprecated) The TCP network address where the prometheus metrics endpoint will listen (example: :8080). The default is empty string, which means metrics endpoint is disabled. Only one of `--metrics-address` and `--http-endpoint` can be set.
  -metrics-path /metrics
        The HTTP path where prometheus metrics will be exposed. Default is /metrics. (default "/metrics")
  -reconcile-sync duration
        Resync interval of the VolumeAttachment reconciler. (default 1m0s)
  -resync duration
        Resync interval of the controller. (default 10m0s)
  -retry-interval-max duration
        Maximum retry interval of failed create volume or deletion. (default 5m0s)
  -retry-interval-start duration
        Initial retry interval of failed create volume or deletion. It doubles with each failure, up to retry-interval-max. (default 1s)
  -timeout duration
        Timeout for waiting for attaching or detaching the volume. (default 15s)
  -v value
        number for the log level verbosity
  -version
        Show version.
  -vmodule value
        comma-separated list of pattern=N settings for file-filtered logging (only works for text log format)
  -worker-threads int
        Number of worker threads per sidecar (default 10)